{"/Users/syrashid/code/syrashid/pour_over/src/js/functions/sum.js": {"path":"/Users/syrashid/code/syrashid/pour_over/src/js/functions/sum.js","statementMap":{"0":{"start":{"line":2,"column":2},"end":{"line":2,"column":15}}},"fnMap":{"0":{"name":"sum","decl":{"start":{"line":1,"column":9},"end":{"line":1,"column":12}},"loc":{"start":{"line":1,"column":19},"end":{"line":3,"column":1}},"line":1}},"branchMap":{},"s":{"0":1},"f":{"0":1},"b":{},"_coverageSchema":"1a1c01bbd47fc00a2c39e90264f33305004495a9","hash":"7534ce24bbcf644bea354576f04779e19fb88a99"}
,"/Users/syrashid/code/syrashid/pour_over/src/js/models/Step.js": {"path":"/Users/syrashid/code/syrashid/pour_over/src/js/models/Step.js","statementMap":{"0":{"start":{"line":3,"column":4},"end":{"line":3,"column":22}},"1":{"start":{"line":4,"column":4},"end":{"line":4,"column":30}},"2":{"start":{"line":5,"column":4},"end":{"line":5,"column":22}},"3":{"start":{"line":6,"column":4},"end":{"line":6,"column":22}},"4":{"start":{"line":7,"column":4},"end":{"line":7,"column":40}},"5":{"start":{"line":8,"column":4},"end":{"line":8,"column":25}},"6":{"start":{"line":12,"column":4},"end":{"line":12,"column":22}},"7":{"start":{"line":16,"column":4},"end":{"line":16,"column":26}},"8":{"start":{"line":20,"column":4},"end":{"line":20,"column":22}},"9":{"start":{"line":24,"column":4},"end":{"line":24,"column":22}},"10":{"start":{"line":28,"column":4},"end":{"line":28,"column":22}},"11":{"start":{"line":32,"column":4},"end":{"line":32,"column":22}},"12":{"start":{"line":36,"column":4},"end":{"line":36,"column":31}},"13":{"start":{"line":40,"column":4},"end":{"line":40,"column":24}},"14":{"start":{"line":44,"column":4},"end":{"line":44,"column":24}},"15":{"start":{"line":48,"column":4},"end":{"line":48,"column":25}}},"fnMap":{"0":{"name":"(anonymous_0)","decl":{"start":{"line":2,"column":2},"end":{"line":2,"column":3}},"loc":{"start":{"line":2,"column":45},"end":{"line":9,"column":3}},"line":2},"1":{"name":"(anonymous_1)","decl":{"start":{"line":11,"column":2},"end":{"line":11,"column":3}},"loc":{"start":{"line":11,"column":13},"end":{"line":13,"column":3}},"line":11},"2":{"name":"(anonymous_2)","decl":{"start":{"line":15,"column":2},"end":{"line":15,"column":3}},"loc":{"start":{"line":15,"column":17},"end":{"line":17,"column":3}},"line":15},"3":{"name":"(anonymous_3)","decl":{"start":{"line":19,"column":2},"end":{"line":19,"column":3}},"loc":{"start":{"line":19,"column":13},"end":{"line":21,"column":3}},"line":19},"4":{"name":"(anonymous_4)","decl":{"start":{"line":23,"column":2},"end":{"line":23,"column":3}},"loc":{"start":{"line":23,"column":17},"end":{"line":25,"column":3}},"line":23},"5":{"name":"(anonymous_5)","decl":{"start":{"line":27,"column":2},"end":{"line":27,"column":3}},"loc":{"start":{"line":27,"column":13},"end":{"line":29,"column":3}},"line":27},"6":{"name":"(anonymous_6)","decl":{"start":{"line":31,"column":2},"end":{"line":31,"column":3}},"loc":{"start":{"line":31,"column":17},"end":{"line":33,"column":3}},"line":31},"7":{"name":"(anonymous_7)","decl":{"start":{"line":35,"column":2},"end":{"line":35,"column":3}},"loc":{"start":{"line":35,"column":18},"end":{"line":37,"column":3}},"line":35},"8":{"name":"(anonymous_8)","decl":{"start":{"line":39,"column":2},"end":{"line":39,"column":3}},"loc":{"start":{"line":39,"column":17},"end":{"line":41,"column":3}},"line":39},"9":{"name":"(anonymous_9)","decl":{"start":{"line":43,"column":2},"end":{"line":43,"column":3}},"loc":{"start":{"line":43,"column":13},"end":{"line":45,"column":3}},"line":43},"10":{"name":"(anonymous_10)","decl":{"start":{"line":47,"column":2},"end":{"line":47,"column":3}},"loc":{"start":{"line":47,"column":14},"end":{"line":49,"column":3}},"line":47}},"branchMap":{},"s":{"0":6,"1":6,"2":6,"3":6,"4":6,"5":6,"6":1,"7":1,"8":2,"9":1,"10":2,"11":1,"12":1,"13":3,"14":2,"15":1},"f":{"0":6,"1":1,"2":1,"3":2,"4":1,"5":2,"6":1,"7":1,"8":3,"9":2,"10":1},"b":{},"_coverageSchema":"1a1c01bbd47fc00a2c39e90264f33305004495a9","hash":"491fdd8436bd8d10952fb00697732b17db9de921"}
}
